  using 8 OpenMP thread(s) per MPI task
using multi-threaded neighbor list subroutines
Reading data file ...
  orthogonal box = (-12.12 -12.12 -20.2) to (12.12 12.12 20.2)
  1 by 1 by 1 MPI processor grid
  reading atom labelmap ...
  reading bond labelmap ...
  reading angle labelmap ...
  reading atoms ...
  1680 atoms
  reading velocities ...
  1680 velocities
  scanning bonds ...
  2 = max bonds/atom
  scanning angles ...
  1 = max angles/atom
  orthogonal box = (-12.12 -12.12 -20.2) to (12.12 12.12 20.2)
  1 by 1 by 1 MPI processor grid
  reading bonds ...
  812 bonds
  reading angles ...
  406 angles
Finding 1-2 1-3 1-4 neighbors ...
  special bond factors lj:    0        0        0       
  special bond factors coul:  0        0        0       
     2 = max # of 1-2 neighbors
     1 = max # of 1-3 neighbors
     1 = max # of 1-4 neighbors
     2 = max # of special neighbors
  special bonds CPU = 0.001 seconds
  read_data CPU = 0.050 seconds
1218 atoms in group H2O
15 atoms in group Na
15 atoms in group Cl
30 atoms in group ions
1248 atoms in group fluid
432 atoms in group wall
849 atoms in group top
831 atoms in group bot
216 atoms in group walltop
216 atoms in group wallbot
WARNING: Temperature for fix modify is not for group all (src/fix_nh.cpp:1399)
WARNING: Temperature for fix modify is not for group all (src/fix_nh.cpp:1399)
Finding SHAKE clusters ...
       0 = # of size 2 clusters
       0 = # of size 3 clusters
       0 = # of size 4 clusters
     406 = # of frozen angles
  find clusters CPU = 0.001 seconds
WARNING: Temperature for thermo pressure is not for group all (src/thermo.cpp:533)
WARNING: New thermo_style command, previous thermo_modify settings will be lost (src/output.cpp:904)
PPPM initialization ...
  extracting TIP4P info from pair style
  using 12-bit tables for long-range coulomb (src/kspace.cpp:342)
  G vector (1/distance) = 0.25237451
  grid = 18 18 60
  stencil order = 5
  estimated absolute RMS force accuracy = 0.0034985124
  estimated relative force accuracy = 1.0535666e-05
  using double precision KISS FFT
  3d grid and FFT values/proc = 39375 19440
WARNING: Communication cutoff 0 is shorter than a bond length based estimate of 3.4358. This may lead to errors. (src/comm.cpp:731)
WARNING: Increasing communication cutoff to 15.1118 for TIP4P pair style (src/KSPACE/pair_lj_cut_tip4p_long.cpp:497)
Generated 9 of 10 mixed pair_coeff terms from geometric mixing rule
Last active /omp style is kspace_style pppm/tip4p/omp
Neighbor list info ...
  update: every = 1 steps, delay = 0 steps, check = yes
  max neighbors/atom: 2000, page size: 100000
  master list distance cutoff = 14.3092
  ghost atom cutoff = 15.1118
  binsize = 7.1546, bins = 4 4 6
  1 neighbor lists, perpetual/occasional/extra = 1 0 0
  (1) pair lj/cut/tip4p/long/omp, perpetual
      attributes: half, newton on, omp
      pair build: half/bin/newton/omp
      stencil: half/bin/3d
      bin: standard
Setting up Verlet run ...
  Unit style    : real
  Current step  : 0
  Time step     : 1
Per MPI rank memory allocation (min/avg/max) = 20.72 | 20.72 | 20.72 Mbytes
   Step          Temp          TotEng       f_mysf1[1]     f_mysf2[1]  
         0   256.42976     -37135.245      6.8042587     -5.2989493    
       250   271.32872     -37140.029     -16.818987     -2.1790856    
       500   269.37813     -37140.017     -4.2716096      6.637994     
       750   269.47344     -37180.598      8.328767       10.356441    
      1000   266.73936     -37186.562     -5.3276825     -8.2259805    
      1250   264.83195     -37254.531      5.3668237      6.67958      
      1500   251.06088     -37250.352      15.654002      19.319214    
      1750   259.77556     -37202.417     -1.8387461      5.3766506    
      2000   257.38803     -37186.369     -14.464403     -5.660457     
      2250   270.63622     -37150.983     -6.2859472     -1.0787039    
      2500   264.69671     -37179.87       2.115826       1.1124071    
      2750   264.73701     -37180.739     -1.7480241     -2.1798195    
      3000   250.57042     -37252.617      6.1929818      0.59330762   
      3250   276.35014     -37203.39      -4.7378774      8.8696261    
      3500   278.28447     -37143.838     -10.549982      8.4036375    
      3750   262.45841     -37226.728      6.2896702      12.112685    
      4000   271.60056     -37169.285     -1.7716812      22.244895    
      4250   262.4043      -37207.855      0.10581936     19.667142    
      4500   259.41965     -37229.319     -4.1198612     -3.3682164    
      4750   267.51707     -37231.116     -6.7051598     -15.801135    
      5000   261.66487     -37211.347     -0.87391359    -1.9309386    
      5250   270.80777     -37180.928      7.3934214      3.1299489    
      5500   260.42481     -37203.312     -10.849697     -4.8570158    
      5750   262.08275     -37198.634      2.7888017     -1.6406981    
      6000   274.40923     -37139.316      3.2394256     -6.3380463    
      6250   254.74421     -37236.121      2.6463183      8.2703113    
      6500   273.24147     -37183.012      2.439353      -2.5452155    
      6750   269.67467     -37144.358      2.0345353     -6.4900992    
      7000   266.15557     -37129.469      0.59542841    -9.3553911    
      7250   273.28475     -37171.845     -5.623377      -11.892678    
      7500   265.00326     -37244.727      8.4807347      1.6649633    
      7750   262.06243     -37276.757      4.3049426      0.85477223   
      8000   278.52011     -37253.971     -9.57862        14.733877    
      8250   271.98675     -37238.734     -17.286869      7.1862774    
      8500   259.54735     -37254.651     -4.7549908      4.6517517    
      8750   260.35937     -37244.765      3.487907       5.0104202    
      9000   266.55134     -37239.174     -3.3057198      9.4040265    
      9250   251.6602      -37291.398     -4.483271      -3.9915529    
      9500   265.2666      -37224.403      9.1397326     -6.8083262    
      9750   262.84588     -37272.78       6.632985      -3.3143911    
     10000   268.27223     -37270.516     -0.40954224     4.1326087    
     10250   267.26464     -37194.228     -0.73192569     7.171378     
     10500   261.54737     -37277.506      0.9353135     -0.79943743   
     10750   260.79138     -37227.029     -7.4687097      11.874372    
     11000   271.04058     -37163.821     -4.6679989      1.701865     
     11250   257.1929      -37267.054     -10.028904     -5.7318465    
     11500   253.27713     -37283.828     -3.0255379      5.0126856    
     11750   268.48878     -37244.186     -6.4897302      10.560943    
     12000   266.39932     -37227.707     -5.3055562      3.5915287    
     12250   261.67494     -37258.755     -20.882084      5.7714385    
     12500   257.96729     -37272.592      10.412859      1.0873314    
     12750   269.26433     -37235.807     -5.0683908      6.3662737    
     13000   272.86503     -37239.588      3.3754482      17.620926    
     13250   271.17385     -37221.014     -13.467861     -8.8494508    
     13500   270.96004     -37236.544     -1.1907446     -4.1463824    
     13750   265.3575      -37262.28       4.9370131     -2.8649222    
     14000   259.95763     -37303.12       4.8607865      4.6618543    
     14250   262.95106     -37344.967     -7.5945436     -12.360193    
     14500   261.6475      -37301.616     -28.31075       11.195154    
     14750   269.0572      -37285.974     -3.9503911      5.621709     
     15000   259.1428      -37291.17       3.6936305      1.8830501    
     15250   262.77957     -37264.259     -3.5131481      19.345566    
     15500   261.89384     -37292.064     -5.9197807      1.4027694    
     15750   271.90225     -37208.375     -14.738689      0.90874355   
     16000   255.99695     -37287.991     -4.136873      -5.6618594    
     16250   267.35223     -37277.412     -3.1281963      10.919231    
     16500   262.34055     -37269.557      0.61207274     12.146693    
     16750   267.81959     -37306.804     -4.1754849     -3.7681675    
     17000   270.03916     -37306.086     -1.6540947     -14.065622    
     17250   263.54994     -37273.632      22.016577      6.1312669    
     17500   260.3174      -37263.472     -0.056737233    0.32972017   
     17750   254.99751     -37308.993      5.4126943      2.3237581    
     18000   255.14028     -37313.655     -7.9724927      11.087014    
     18250   270.45515     -37245.088      6.5534039      0.61682612   
     18500   252.96163     -37370.42       14.999703      0.99740383   
     18750   264.11661     -37292.765     -1.3811746      2.4313009    
     19000   274.09341     -37246.543     -5.0107201     -3.6853812    
     19250   258.08632     -37324.526     -7.3447979      11.055331    
     19500   275.14976     -37245.096      8.445733       4.745245     
     19750   253.12485     -37360.686      5.0538662      7.6053473    
     20000   273.16542     -37280.018     -9.6406586      7.0374208    
     20250   264.39325     -37340.948      5.1726438     -3.6750494    
     20500   267.08523     -37296.942      0.71139332     4.8020833    
     20750   266.15147     -37238.289     -13.529399      9.1856268    
     21000   266.24382     -37219.433      6.0608565     -2.9768486    
     21250   270.04066     -37221.647     -18.640612      7.471522     
     21500   258.50609     -37273.728     -5.2021721     -10.121805    
     21750   265.7022      -37323.709     -6.3287385      10.663628    
     22000   264.29937     -37241.393     -3.9441314      4.7816241    
     22250   270.41563     -37262.197      4.1081341     -8.4148954    
     22500   269.73646     -37248.472     -2.0172045     -5.1665503    
     22750   273.60798     -37178.778     -0.70512578     5.9355743    
     23000   274.62938     -37187.238      2.5806269      2.298476     
     23250   264.11534     -37221.508     -7.1428375      13.370731    
     23500   266.15203     -37279.365     -3.9504783      2.4076319    
     23750   264.19477     -37270.288      0.82472629     11.519623    
     24000   258.80987     -37235.239      10.012633     -2.5987234    
     24250   257.13496     -37342.979     -2.8524947     -12.465615    
     24500   267.35903     -37251.654     -2.6876441     -7.2441248    
     24750   266.54081     -37214.896     -10.669816      4.6928915    
     25000   270.08001     -37285.505      4.0641395     -1.6851188    
     25250   262.2014      -37300.72      -20.054086      12.476748    
     25500   262.67581     -37254.605     -1.9065267      0.73048736   
     25750   262.73075     -37209.705     -3.0028957      3.9923716    
     26000   262.64351     -37234.096     -1.7155881      7.8455982    
     26250   263.50125     -37302.525     -4.7863287      6.5633894    
     26500   266.469       -37251.007      12.814701     -1.415298     
     26750   258.58803     -37325.983      4.8232706      3.7273557    
     27000   264.89311     -37230.04      -6.6658056      4.917341     
     27250   267.9773      -37207.867     -11.356909     -5.6774726    
     27500   252.87155     -37299.611     -15.62683      -8.0832711    
     27750   262.65668     -37235.389      1.6251908      2.1133629    
     28000   255.21112     -37259.401     -23.172067      1.7466505    
     28250   264.02562     -37217.395     -0.4447217      0.61842475   
     28500   267.824       -37228.024     -4.2868998      2.9935602    
     28750   260.57935     -37231.461      2.1941808     -2.8452431    
     29000   269.74412     -37206.202      8.6363495      6.7849171    
     29250   256.91207     -37298.394     -4.2815751      4.8309881    
     29500   258.03227     -37235.418      6.3220576      4.9744505    
     29750   270.1882      -37225.462      3.2088806      8.5305371    
     30000   256.39321     -37306.747      0.42603905     16.946309    
     30250   270.32412     -37205.424     -2.8020163     -0.27106233   
     30500   250.03032     -37277.897     -6.5579462     -8.3534417    
     30750   260.93894     -37214.919     -17.022036     -3.8618198    
     31000   272.72234     -37234.285     -4.5628953      2.2436519    
     31250   263.5337      -37307.423     -10.328956     -5.6352313    
     31500   267.35383     -37224.895     -15.990544      15.848636    
     31750   259.52252     -37233.885      5.1095021      12.643917    
     32000   262.60273     -37203.754     -0.64076324     2.5435065    
     32250   273.67732     -37190.278     -5.149885      -4.8859907    
     32500   260.28352     -37257.957     -4.8136838      13.939103    
     32750   270.31475     -37184.202      3.6706175      14.47469     
     33000   270.50782     -37226.155     -0.36623145     1.4656157    
     33250   270.09586     -37245.776      2.5993401      4.5108959    
     33500   278.40218     -37157.301      3.0067567     -2.8288716    
     33750   252.17177     -37271.996     -12.483534      17.772332    
     34000   262.8686      -37188.323     -1.0030277     -0.05032277   
     34250   254.15221     -37263.715      3.4785672      2.148928     
     34500   259.14489     -37305.074     -1.5042756     -0.3114966    
     34750   262.65069     -37245.377     -16.546808     -1.3879347    
     35000   263.78966     -37243.975      6.0733917      2.8558707    
     35250   262.90639     -37214.092      6.0532762      5.7321177    
     35500   261.28628     -37269.769     -6.2793804      18.353707    
     35750   257.45666     -37255.912     -8.3332855      9.3712419    
     36000   260.73945     -37230.787      0.61057168     7.287106     
     36250   259.33091     -37307.904     -11.822105     -5.6645864    
     36500   266.43117     -37232.745     -1.3550818     -4.8341868    
     36750   257.45157     -37253.232      1.9151921     -5.8496904    
     37000   260.91681     -37275.761     -4.8841272      12.992718    
     37250   265.3988      -37259.562      1.7068093      16.511583    
     37500   255.92693     -37234.947     -3.6291558      5.2957684    
     37750   268.02222     -37233.983     -10.18564      -14.722435    
     38000   262.05467     -37274.081     -1.6991549      8.0911594    
     38250   262.68652     -37300.536     -4.6303659      6.8715721    
     38500   262.21149     -37258.264     -7.5377686      0.80431021   
     38750   259.53335     -37266.085      0.65403361     13.36971     
     39000   263.04933     -37275.47      -11.741876      9.7539907    
     39250   262.28227     -37269.089     -8.7580742     -5.5181179    
     39500   263.48364     -37266.372     -8.2412314      6.0698846    
     39750   261.87191     -37194.006      2.2078553      4.1231111    
     40000   275.52674     -37259.289      6.983163      -2.3624117    
     40250   275.65265     -37223.51       4.2224669     -1.7508007    
     40500   265.56812     -37241.534     -8.6621018      1.8170319    
     40750   261.97624     -37256.985     -8.7766353      10.667006    
     41000   263.63516     -37211.058     -0.18499031     2.9574093    
     41250   268.63154     -37195.879      1.0775641     -12.216049    
     41500   271.93085     -37165.671      5.7770103      19.035842    
     41750   265.5542      -37247.834     -1.2066323      12.753679    
     42000   251.423       -37333.603      2.6332582      12.955767    
     42250   257.88659     -37270.167     -4.1323681     -0.86380109   
     42500   261.95912     -37250.628     -0.59763906    -0.66887      
     42750   257.96658     -37262.311      3.4651394     -6.1276333    
     43000   274.61793     -37176.434     -5.421694       1.0236746    
     43250   263.53147     -37232.867      1.1590162     -8.6370316    
     43500   266.5409      -37184.943     -19.776361     -3.1507811    
     43750   266.80806     -37169.562      0.80957676     8.0283677    
     44000   263.30774     -37278.427     -3.9254075      2.8292297    
     44250   262.21525     -37256.517     -4.6494543     -1.2906254    
     44500   268.70852     -37213.264     -9.2346842      5.3759237    
     44750   258.13961     -37287.83       0.73421644     10.062866    
     45000   270.13404     -37234.8       -5.9855543      7.6446983    
     45250   275.38275     -37207.299     -6.5714034     -6.3079734    
     45500   259.00211     -37316.654      0.54452019    -0.90818911   
     45750   264.74332     -37266.007     -4.1871887     -4.5717396    
     46000   265.96983     -37222.678     -2.8244445      15.884861    
     46250   261.86924     -37244.327     -5.7237777      15.556131    
     46500   262.15377     -37276.059     -12.885366      22.234733    
     46750   265.51952     -37215.845     -9.757291      -3.0156509    
     47000   260.68499     -37303.177      2.0669479     -2.1269343    
     47250   274.9376      -37233.567     -2.5670072     -3.8356943    
     47500   264.20347     -37264.255      11.742571      5.4907794    
     47750   264.79654     -37216.379      1.3565285     -7.1431722    
     48000   263.44611     -37241.555     -1.4046504     -1.1266786    
     48250   264.64208     -37224.356     -4.5360431      10.574631    
     48500   251.22138     -37253.307      0.20145436     8.0241455    
     48750   251.13058     -37260.6       -9.1891711      1.5838072    
     49000   263.2435      -37182.983      0.76823737     5.6291299    
     49250   273.68275     -37229.193      2.5079759     -0.6426859    
     49500   256.27678     -37277.266     -2.1074902     -3.4006293    
     49750   259.34116     -37227.27      -7.5177833     -9.4133842    
     50000   265.98319     -37202.533     -1.25205       -6.8776582    
     50250   264.79703     -37267.398     -5.9240427      4.5850416    
     50500   262.55009     -37213.841      3.1037408      8.0250938    
     50750   251.69177     -37223.767      8.4492004     -1.4978528    
     51000   258.82842     -37216.949     -7.5610355      4.7152292    
     51250   265.78226     -37271.118      4.3529498      2.5561848    
     51500   271.53803     -37254.094     -16.751421      3.8052662    
     51750   259.60644     -37252.224     -2.645812      -8.2786079    
     52000   262.26577     -37300.289     -15.24264      -0.91626032   
     52250   257.68836     -37288.53      -0.77171257    -1.5642568    
     52500   256.81108     -37283.894      0.4581118      7.1238302    
     52750   255.0292      -37250.527      0.10740432     2.1407804    
     53000   257.24952     -37285.728     -2.7799489      4.798982     
     53250   259.8923      -37267.808      6.4867324      1.7205818    
     53500   259.54165     -37268.44       0.84893621     10.429907    
     53750   278.33146     -37188.193     -1.2066448      15.773332    
     54000   266.7142      -37192.002     -5.8751292      11.389063    
     54250   262.01675     -37230.455     -8.74821        1.2508034    
     54500   274.63232     -37203.489     -0.43383271     0.52503057   
     54750   258.67472     -37225.912     -1.9022594      8.4876563    
     55000   269.79131     -37221.77      -11.82619       2.4192852    
     55250   261.19455     -37247.026     -8.4770994     -0.10681843   
     55500   271.56829     -37189.37       0.49353013    -10.012286    
     55750   264.21344     -37203.135     -4.7317951      6.5374124    
     56000   245.93221     -37298.772      4.7368498      7.8213024    
     56250   269.85484     -37216.177      8.3450359      12.143383    
     56500   258.76172     -37305.439     -3.534173       3.0744317    
     56750   267.45368     -37218.085     -2.3172121      8.3824655    
     57000   256.73053     -37309.607     -6.4061673      6.7100044    
     57250   256.31254     -37287.327      9.6208639      1.2518392    
     57500   276.33996     -37232.097      5.5741024     -7.3411368    
     57750   259.47065     -37318.253      0.54683925    -3.4496991    
     58000   261.85138     -37250.298     -0.21031442    -0.35284679   
     58250   261.94647     -37224.558     -12.452053      8.0950909    
     58500   274.26178     -37203.525     -7.2304836      11.957508    
     58750   254.13915     -37255.872     -2.5839749      0.19826477   
     59000   258.34791     -37230.2       -3.0501769      4.6501875    
     59250   265.83518     -37194.07      -0.78261029     13.044226    
     59500   264.98992     -37246.665     -1.7356579      10.705793    
     59750   261.75825     -37225.553     -1.9709361      9.9955346    
     60000   258.64574     -37260.51      -4.6441976     -3.2041558    
     60250   264.24264     -37229.849     -4.8840087      2.6007689    
     60500   264.16227     -37227.398     -0.050552916   -0.055786911  
     60750   270.58965     -37290.519     -9.9478617      7.9291335    
     61000   254.89224     -37219.694     -11.412121      8.5085415    
     61250   258.78452     -37311.461      7.1238692      11.682549    
     61500   271.40866     -37291.119     -13.603248      3.1967648    
     61750   266.0496      -37225.238     -18.855912      10.268559    
     62000   263.62016     -37266.873     -11.90981       4.1801282    
     62250   262.63128     -37278.692     -3.1489269      5.8915295    
     62500   268.71834     -37253.507     -13.922079      13.808765    
     62750   258.53276     -37276.752     -8.8760412      1.7530885    
     63000   263.94821     -37243.174     -7.9919593      5.4785649    
     63250   257.25953     -37253.216     -2.501729       4.8948634    
     63500   254.85202     -37289.991     -9.1767737      9.1846236    
     63750   250.83406     -37219.636     -10.978084      17.075511    
     64000   267.67536     -37240.755     -18.847688      13.810357    
     64250   271.15721     -37251.084      0.79076628    -2.586505     
     64500   247.2109      -37341.458     -1.2113082      1.1231543    
     64750   261.09329     -37272.398      7.1692936     -4.2472544    
     65000   263.0085      -37217.064     -10.929719      1.2859152    
     65250   262.34228     -37280.441     -0.58573235     1.4793755    
     65500   270.62525     -37286.423     -3.7928932     -11.783889    
     65750   269.32992     -37219.661      26.061692     -11.641716    
     66000   265.44341     -37260.752      3.2230646     -6.5125932    
     66250   268.56766     -37244.42       1.0594839      2.9105823    
     66500   263.74372     -37247.32      -4.5679359     -5.4937401    
     66750   261.22649     -37236.212     -11.526291      6.8566153    
     67000   260.92052     -37254.185     -5.7043739     -1.1579483    
     67250   255.79364     -37241.014     -0.62708548     13.309704    
     67500   271.99499     -37216.395      0.41688535    -1.4088664    
     67750   271.51835     -37261.055     -3.0427444     -5.3003304    
     68000   274.52154     -37241.147     -8.7673846      7.4196882    
     68250   268.77352     -37250.721     -0.96439714     8.4367981    
     68500   267.78716     -37262.714     -1.0419399     -4.489932     
     68750   258.35726     -37272.636      0.58408002     7.1114441    
     69000   265.75031     -37232.343     -9.6667979      10.605064    
     69250   257.2508      -37279.797     -12.819451      12.35057     
     69500   261.14596     -37306.853     -9.4633272      10.222578    
     69750   275.39156     -37224.578      14.688647     -3.4271944    
     70000   266.78783     -37257.794     -3.0333622     -7.7333006    
     70250   269.84128     -37203.161     -4.5434079     -2.4682358    
     70500   272.50779     -37216.561     -0.80560851     2.8321249    
     70750   254.1221      -37314.816      6.4022075      12.939574    
     71000   264.84314     -37262.748     -3.0018191      7.0378359    
     71250   265.71611     -37244.216     -0.70636461     2.7129164    
     71500   263.74323     -37298.822     -8.2960834      8.4582144    
     71750   259.44131     -37195.641     -2.6148641      15.694309    
     72000   258.67631     -37263.044     -14.580556      1.9971403    
     72250   267.32951     -37219.702     -4.4533712     -5.5460694    
     72500   259.56341     -37193.969     -0.65754206     0.88890477   
     72750   259.30734     -37265.229     -3.753782       4.3534215    
     73000   268.63332     -37182.958      9.6999646     -1.2856711    
     73250   279.88015     -37166.383     -4.0459888      1.1847415    
     73500   258.0088      -37240.44      -9.0498309      3.646985     
     73750   261.63201     -37236.936     -3.9085473      4.959635     
     74000   259.49278     -37216.764     -0.65347298     7.3844855    
     74250   270.03602     -37217.296     -0.28286845     6.2778488    
     74500   258.67371     -37247.36       0.91704561    -4.6124989    
     74750   264.1276      -37236.835     -4.6434104      4.8289481    
     75000   259.05157     -37300.449      6.0955344     -3.0995068    
     75250   259.27811     -37284.626      7.5308789      6.7112521    
     75500   257.58921     -37243.54      -9.3538874     -5.5543308    
     75750   254.75557     -37263.682     -3.6061949      0.0051054821 
     76000   266.88574     -37219.469     -13.709882      14.994341    
     76250   260.1187      -37276.949     -8.872537      -4.3445676    
     76500   267.84919     -37216.525      4.8764218      10.663659    
     76750   261.76987     -37238.232      14.454168      2.352073     
     77000   257.73084     -37284.125      2.2674473      3.3649157    
     77250   256.22724     -37260.391     -7.1196396      6.4054846    
     77500   257.62732     -37250.371     -7.1059458      29.263089    
     77750   265.82117     -37193.103      4.4926366     -12.875703    
     78000   276.79674     -37177.484     -0.81634692     11.005893    
     78250   277.3453      -37156.283     -0.74010594     10.233588    
     78500   271.40461     -37258.395      0.85057725     1.6825977    
     78750   267.92943     -37234.033     -5.3140027      13.540925    
     79000   269.74795     -37250.041     -9.5068358      3.130601     
     79250   266.19456     -37265.349     -2.3040123     -4.0000413    
     79500   256.30158     -37297.376     -7.5558694     -6.0959039    
     79750   264.64457     -37251.74      -13.658612     -9.7058621    
     80000   256.859       -37292.858      13.007686     -3.3555824    
     80250   257.55508     -37290.663      5.0620276      9.0586323    
     80500   262.7086      -37287.287      12.600973     -8.2927919    
     80750   261.78764     -37281.599     -1.8984013      2.6215563    
     81000   265.20912     -37252.256     -15.127252      12.953113    
     81250   268.57098     -37245.702     -3.9099454      12.412754    
     81500   262.38816     -37229.676     -7.5196099      4.6670941    
     81750   261.69916     -37257.674     -11.93017       3.7509488    
     82000   259.75951     -37293.069     -5.7253464      13.260756    
     82250   263.53908     -37212.331     -6.6753524      6.2690807    
     82500   255.90917     -37279.258      3.6108769      7.624734     
     82750   267.13846     -37219.842     -2.8487915      1.2883679    
     83000   266.15499     -37163.643      6.0232886      2.072036     
     83250   260.63314     -37282.551      6.9164325     -2.8045686    
     83500   271.23085     -37222.934      11.109821     -0.60310598   
     83750   263.43304     -37240.557      0.21322011     1.2592144    
     84000   262.79216     -37287.122     -7.8857752     -0.082415959  
     84250   252.14599     -37344.012     -8.5753766      7.9757322    
     84500   260.18331     -37259.337     -4.2190492      20.618955    
     84750   265.46667     -37211.796      1.810644       7.0005052    
     85000   252.52147     -37304.154     -5.5553182     -7.9041629    
     85250   262.51688     -37268.202     -0.20076713    -12.96281     
     85500   266.10515     -37275.058     -9.4921413      3.5892921    
     85750   258.73084     -37287.406      0.18750433    -2.1256365    
     86000   261.12661     -37232.884     -5.6424238     -0.1890936    
     86250   265.28904     -37172.651     -4.6232646      9.8201397    
     86500   272.09104     -37109.104     -6.1764488     -0.8239849    
     86750   260.79269     -37214.358     -3.4519277      4.169245     
     87000   262.36329     -37256.657     -2.5093838      5.5705197    
     87250   261.23153     -37250.785      3.7105794     -4.4889183    
     87500   258.87935     -37202.205     -10.61032       9.7602328    
     87750   268.31592     -37219.45      -12.217107      0.32771487   
     88000   266.70799     -37270.037      14.020823      3.8631192    
     88250   285.2388      -37182.847      4.9974193      8.1420496    
     88500   248.7806      -37291.956     -6.324729       20.145113    
     88750   267.26585     -37240.022      3.9600521      4.0019897    
     89000   267.22499     -37161.463      9.9761066     -4.2473481    
     89250   275.96728     -37191.293     -4.2903126     -12.773311    
     89500   259.32219     -37233.121      0.9046232     -5.6529746    
     89750   265.98119     -37187.959     -4.2437192      4.560832     
     90000   269.22181     -37216.015     -1.4947411      13.227541    
     90250   272.06074     -37232.577     -4.9156928      5.6340341    
     90500   263.53838     -37254.26      -5.3770913      2.6956434    
     90750   259.6202      -37216.182     -8.6758929     -0.37700665   
     91000   269.74998     -37254.718      18.333221     -10.104722    
     91250   266.43975     -37265.376      6.0839465      11.81184     
     91500   256.75404     -37288.87      -16.388019      8.8668034    
     91750   256.0962      -37271.033     -9.0161855     -4.8873647    
     92000   271.78352     -37189.77      -12.27552      -1.0173067    
     92250   265.39158     -37152.032     -11.90493      -1.7597782    
     92500   247.43708     -37248.149      14.43388       8.8935124    
     92750   266.82769     -37232.966      0.8221778      8.2888313    
     93000   279.62452     -37153.324     -8.2060144      1.5004613    
     93250   257.82495     -37229.347     -10.261633      5.4148761    
     93500   257.58908     -37224.362      8.1044341      18.278412    
     93750   259.13118     -37286.867     -12.097158      12.131702    
     94000   263.86068     -37262.644     -6.454615       2.1363663    
     94250   257.3301      -37166.966     -17.363253      2.4285835    
     94500   264.02249     -37219.34      -5.0707366      0.82714679   
     94750   265.33493     -37216.139      13.158867      4.3713319    
     95000   261.61403     -37218.451      8.6459223      0.50876508   
     95250   262.42056     -37228.768      14.560852     -5.5036404    
     95500   258.17933     -37247.14       0.64059685     0.302283     
     95750   272.23405     -37232.524      7.2331507     -2.8309612    
     96000   260.59613     -37277.66       7.9762966     -9.5129029    
     96250   262.84429     -37287.884     -3.4459488     -6.5253938    
     96500   257.13919     -37331.06       4.0206105      1.6992949    
     96750   260.31476     -37292.195     -15.546234     -0.9845049    
     97000   254.57804     -37377.256     -12.16639       17.577807    
     97250   264.46045     -37271.227      14.141295      3.3176653    
     97500   263.46056     -37326.226      6.7687038     -5.9772986    
     97750   261.04597     -37316.631     -0.18929964     2.4687386    
     98000   265.75948     -37299.035     -9.6142241      0.59838463   
     98250   258.22594     -37274.235     -6.1667356      1.1553184    
     98500   267.37549     -37233.86       0.83183386     6.9497938    
     98750   267.55845     -37237.077     -8.9935096      5.8987027    
     99000   268.6164      -37262.307     -3.4533389      5.5134772    
     99250   253.81903     -37290.934      7.8044456      28.127295    
     99500   263.99841     -37272.36      -5.9470012      16.505314    
     99750   264.26591     -37217.295     -4.7674006      7.6522709    
    100000   266.27504     -37255.965      1.2191037      7.1752742    
    100250   256.40437     -37263.08      -10.469703      9.1427199    
    100500   260.90133     -37266.919     -13.663627      10.804322    
    100750   267.11534     -37208.047     -4.2063274      9.6984835    
    101000   269.00256     -37200.574      0.1430955      0.29109406   
    101250   268.66734     -37214.578      4.4009412      11.096314    
    101500   269.35283     -37229.515     -19.995361      8.443602     
    101750   263.70984     -37302.999     -15.950914     -7.819366     
    102000   268.09651     -37194.408     -3.8053189     -2.3252192    
    102250   270.55776     -37211.22      -4.7688412      9.764781     
    102500   284.62504     -37081.17       3.3655208     -2.1473281    
    102750   264.0048      -37185.415      12.748773      4.023775     
    103000   262.72683     -37223.127      26.136219     -2.8362536    
    103250   270.75327     -37199.861     -1.2293766      7.3506503    
    103500   264.49299     -37227.698     -5.2688119      1.7735073    
    103750   267.91085     -37238.37      -7.1721254     -0.41406744   
    104000   274.17001     -37212.885     -4.8617286     -8.0001706    
    104250   267.07466     -37228.46      -4.7587766     -9.9999097    
    104500   269.18913     -37165.288     -8.9774758     -2.4481631    
    104750   268.79956     -37215.439      2.603623      -0.7012461    
    105000   261.61061     -37234.972     -5.4130231     -2.3046094    
    105250   255.131       -37266.08       3.1469416     -3.4078628    
    105500   263.96345     -37162.966     -5.1257838      3.4076697    
    105750   269.51155     -37157.551      0.85427637     22.175549    
    106000   269.97957     -37171.996     -4.3601218      14.258398    
    106250   269.11807     -37190.939      7.43193       -5.1630498    
    106500   253.0832      -37276.572     -4.1718078     -10.735657    
    106750   277.91088     -37175.013      1.2241991     -17.701637    
    107000   258.36118     -37259.375      4.7165841     -5.7034298    
    107250   261.3044      -37253.014     -0.62369973     3.8475931    
    107500   262.90863     -37250.254      3.6629977      8.7453753    
    107750   259.25459     -37279.795     -1.9812734     -1.8063296    
    108000   274.33309     -37201.256     -1.5719672      3.9020083    
    108250   263.15007     -37280.969      2.3499274      6.5169792    
    108500   274.3249      -37255.877     -1.7636671      3.6398008    
    108750   259.48272     -37195.394     -3.0914258      19.788496    
    109000   258.94597     -37258.08       2.7125745     -13.492745    
    109250   276.58072     -37176.334     -11.241604     -10.097243    
    109500   257.31571     -37246.081      6.5120914      7.590076     
    109750   259.77825     -37282.072     -0.097209031    7.2628978    
    110000   257.83        -37334.267      1.5330479     -11.699222    
    110250   258.81804     -37285.858      1.95884        6.7882023    
    110500   259.04503     -37230.738     -0.57690294    -2.2400796    
    110750   273.67187     -37232.407     -11.844634      12.770474    
    111000   255.63888     -37261.303      3.775517       5.2713463    
    111250   257.25622     -37253.457      3.1136162     -9.9141656    
    111500   257.25777     -37243.625      3.5735284      0.079004244  
    111750   265.50068     -37222.177     -2.8006301      18.264874    
    112000   261.56975     -37245.837     -6.5900636      7.1428588    
    112250   267.97932     -37214.87      -13.073114     -0.10007039   
    112500   264.44678     -37207.109      0.79210706     11.544821    
    112750   258.02858     -37275.161     -6.9062095      10.060886    
    113000   265.46053     -37258.906     -5.9236268      13.398043    
    113250   265.88078     -37236.373     -2.4430965     -5.9961805    
    113500   256.20535     -37293.476      8.0523501     -1.5764232    
    113750   266.21642     -37279.549     -1.3151618      7.0421869    
    114000   270.84211     -37199.083     -8.7960981      6.8763913    
    114250   263.41451     -37218.245      5.0377726      2.941691     
    114500   271.87219     -37224.291      1.754991      -1.4067578    
    114750   268.5744      -37251.722     -15.322702     -3.4321729    
    115000   271.37035     -37251.994     -5.5722475      2.1746486    
    115250   267.83174     -37308.653     -2.2561273      16.240148    
    115500   263.65629     -37284.988      1.5932815     -2.3442722    
    115750   272.017       -37245.863     -0.084478213   -6.3381564    
    116000   256.8917      -37343.322     -4.9486956      1.2767206    
    116250   274.90578     -37230.573     -2.560902       3.452417     
    116500   263.96021     -37272.378      2.1288635      17.445392    
    116750   265.9518      -37295.203     -2.8718346      0.20902097   
    117000   267.6165      -37258.536     -1.076392      -6.2888993    
    117250   269.81335     -37217.807     -6.9984267      9.4382606    
    117500   266.48217     -37192.898     -9.6125312      8.3576283    
    117750   254.82543     -37259.252      2.2415033     -0.40541256   
    118000   253.94067     -37287.832     -2.243618       5.7440606    
    118250   264.07065     -37244.238      9.0734888      5.327457     
    118500   265.95827     -37201.082      0.83455463    -2.4573715    
    118750   259.12121     -37244.485      3.7790773     -15.770063    
    119000   270.36867     -37204.568     -5.8222666      24.769495    
    119250   256.96801     -37294.772     -6.9156203      9.4429608    
    119500   272.30303     -37212.699      3.4471027     -6.5959328    
    119750   261.11672     -37290.949      3.5490657     -8.1593464    
    120000   264.59995     -37176.014      8.0582553     -7.8993394    
    120250   261.43829     -37281.547      5.5068004      0.74297312   
    120500   270.75132     -37243.813     -6.5798108      7.9896545    
    120750   262.36878     -37281.34      -10.848969     -9.283296     
    121000   264.41526     -37254.792     -3.0734366      8.6938403    
    121250   260.5204      -37256.702     -4.45442       -0.76248581   
    121500   268.79997     -37239.419     -0.50141864     4.6660326    
    121750   257.57972     -37277.078      3.7260698     -5.9968407    
    122000   267.67831     -37244.778     -0.019804267    13.108808    
    122250   268.92882     -37213.348     -2.886425       9.9638077    
    122500   270.60988     -37267.732     -6.5009637      1.3208155    
    122750   258.20691     -37243.228      3.4823364      3.6449556    
    123000   266.63202     -37183.05       0.097970128    4.1242106    
    123250   256.19488     -37284.052     -9.7344341      0.79301857   
    123500   268.566       -37220.332     -0.60750846    -5.7909397    
    123750   259.08909     -37212.527     -1.5525674     -17.54128     
    124000   257.37905     -37264.429      0.76843746    -4.2814261    
    124250   263.71706     -37214.853      1.4445595      12.788449    
    124500   255.91345     -37307.987     -2.3533218      21.247075    
    124750   263.77207     -37218.112      0.22057955    -3.5603312    
    125000   255.81186     -37268.751      2.2228069     -0.96217624   
    125250   257.9826      -37300.835      0.079109288    5.1235808    
    125500   275.04469     -37206.801     -2.5381543      3.561817     
    125750   253.56224     -37296.784      5.9445167      13.40359     
    126000   275.89891     -37211.317      12.264643      26.406746    
    126250   258.2479      -37262.68      -14.177024      5.3490199    
    126500   264.44663     -37285.359      4.5113061     -5.3184223    
    126750   265.77098     -37199.796     -11.482281     -19.567589    
    127000   264.31255     -37234.212     -1.166093       4.1908412    
    127250   260.29055     -37296.233     -10.442257      0.92214388   
    127500   271.22855     -37201.983     -2.4582413      7.6442576    
    127750   262.34877     -37250.578      5.6723686     -8.9348648    
    128000   275.84925     -37199.411     -0.53087367    -10.214522    
    128250   258.10864     -37207.794     -3.3024505      0.6934374    
    128500   273.61719     -37214.346      0.57551814     12.648049    
    128750   260.58693     -37227.159      7.4611081     -3.4606609    
    129000   262.56376     -37255.483      4.6910066     -3.8601733    
    129250   252.96376     -37225.955      2.4917748     -0.46123632   
    129500   276.77738     -37139.146      7.4419434      2.8780925    
    129750   265.16055     -37231.746      0.88020868     16.334942    
    130000   267.51374     -37268.38       16.22852      -12.062573    
    130250   261.41765     -37257.094     -19.906703     -14.251974    
    130500   259.13316     -37251.326     -0.47386074     0.96313664   
    130750   270.36863     -37248.615     -9.7710028      5.909462     
    131000   257.29942     -37267.799     -7.1634819      0.51438259   
    131250   254.72881     -37293.454     -0.81047634     7.7953096    
    131500   268.07508     -37289.628      7.585604      -7.5044255    
    131750   262.21255     -37285.367     -5.185695       0.60282439   
    132000   253.5834      -37296.739      2.12054        5.808856     
    132250   260.90469     -37297.196      0.35854667    -6.8216611    
    132500   265.43108     -37198.779      16.832178     -2.536584     
    132750   259.19924     -37268.995      10.697193     -5.4416944    
    133000   260.77913     -37262.729      7.8684918     -7.3209459    
    133250   268.2075      -37148.354     -8.6181529     -8.1835746    
    133500   267.38866     -37269.074     -13.177587      6.9609531    
    133750   254.44426     -37256.457      9.5229141      8.576522     
    134000   267.75475     -37220.286      5.815211      -1.6228167    
    134250   262.00979     -37294.981     -10.066456      6.4737855    
    134500   272.94165     -37204.437     -0.14408121     12.661451    
    134750   260.75068     -37277.303      4.7760235     -10.742556    
    135000   269.65224     -37291.409     -0.42869686     0.5028831    
    135250   265.09799     -37321.55       5.8644396      7.7683777    
    135500   263.44496     -37270.927     -3.4211798      10.491734    
    135750   267.33713     -37249.108     -21.713077      12.644417    
    136000   260.89495     -37305.138     -8.6521424      5.924941     
    136250   268.64839     -37265.566     -1.0057852      2.4091712    
    136500   261.28613     -37284.002      3.5033901      12.423841    
    136750   266.88191     -37242.663      9.6043673     -9.0387053    
    137000   273.31696     -37247.015     -9.152863      -10.378099    
    137250   257.12359     -37269.085     -12.045452      5.9890315    
    137500   260.31031     -37257.688     -5.922602       9.0185225    
    137750   263.82973     -37199.509      11.711012      8.1716341    
    138000   265.61947     -37209.069      7.8371416      15.132921    
    138250   262.67356     -37181.859      4.9492216      6.5944165    
    138500   259.15447     -37216.522      4.8215838      3.0811042    
    138750   253.93682     -37321.127     -3.5994038     -0.35899127   
    139000   276.71288     -37207.927      14.56736      -3.1170439    
    139250   261.3618      -37238.949     -17.80619       4.5233299    
    139500   256.71701     -37246.453     -22.413386      5.7358307    
    139750   269.41568     -37256.294     -8.0640374      8.9838144    
    140000   262.94942     -37218.787     -13.700507     -9.437329     
    140250   256.19088     -37298.313     -3.3175196      1.7405173    
    140500   263.01356     -37251.932      5.4924031     -15.454227    
    140750   266.22182     -37288.892     -3.7153719      0.55437602   
    141000   274.1484      -37229.306     -5.4043322      6.584978     
    141250   266.31039     -37224.896      9.0408973      20.55607     
    141500   260.50698     -37304.997      1.7198902      31.728126    
    141750   259.67168     -37311.711     -2.5439019      2.4040291    
    142000   264.46981     -37321.565     -14.438182      1.5669702    
    142250   271.96413     -37281.581     -2.0788257      11.614711    
    142500   264.92128     -37246.951     -8.4854954      9.9293565    
    142750   267.78001     -37205.747     -11.513399      6.63466      
    143000   260.6556      -37234.449     -0.84909519     4.7328429    
    143250   258.19545     -37272.328      0.45175982    -2.5403978    
    143500   273.72457     -37237.491     -14.345192     -5.9766766    
    143750   262.01876     -37221.204     -9.3933927     -3.0931718    
    144000   262.43398     -37211.745     -15.563938      21.218103    
    144250   256.40473     -37293.145      0.32833745     15.494902    
    144500   265.38128     -37230.033     -10.842649      2.1736125    
    144750   264.71504     -37216.004     -2.3933443     -2.1824227    
    145000   249.85613     -37300.583     -12.512695      4.616867     
    145250   269.53362     -37211.989     -3.319896       4.8995954    
    145500   260.36709     -37321.712     -15.113255      1.3645532    
    145750   268.9306      -37217.99      -1.9345925     -2.4167472    
    146000   255.3272      -37254.231      7.3558258     -4.4512526    
    146250   269.30015     -37194.754     -12.648466      11.180796    
    146500   271.2218      -37222.916     -1.2426931     -6.0545808    
    146750   258.91615     -37285.186      14.381374     -3.044989     
    147000   266.7547      -37233.585     -4.8950653      1.8271523    
    147250   262.90903     -37240.092     -3.555851      -27.111173    
    147500   258.16536     -37231.416     -10.665253      6.9262018    
    147750   260.78256     -37278.3       -5.5635703     -0.30964768   
    148000   266.90596     -37244.611      9.2886797     -6.3941975    
    148250   257.27678     -37262.349     -3.1844901      10.217838    
    148500   260.76226     -37254.038     -11.665057      4.3612351    
    148750   268.67268     -37250.365      2.3385234      14.816723    
    149000   269.93229     -37207.276     -14.473764     -10.276104    
    149250   265.24165     -37216.356     -3.7531147     -12.113167    
    149500   261.89613     -37314.429      0.41278219    -10.931673    
    149750   265.85277     -37247.397      11.613229      1.4106399    
    150000   275.91388     -37240.305      1.783679      -2.7532611    
    150250   271.54033     -37262.214     -8.456505       8.1282145    
    150500   263.33966     -37263.206     -5.8268264      10.954668    
    150750   259.15475     -37297.19       4.3041421      17.404443    
    151000   267.62766     -37242.49      -4.7977957      8.8906727    
    151250   257.37023     -37311.236     -2.2728243      2.6259397    
    151500   260.68852     -37306.76       3.0319698      13.656311    
    151750   268.77888     -37282.931     -8.9753933      11.195685    
    152000   253.66375     -37341.786     -3.9767707      6.0357429    
    152250   274.48714     -37253.338      14.01585      -4.0724227    
    152500   269.9473      -37276.408     -8.5771623     -7.9033196    
    152750   258.55393     -37324.054      3.2461603      1.5335413    
    153000   261.7595      -37261.978      6.5961413      5.2023142    
    153250   260.41608     -37265.675     -11.647883      2.4763085    
    153500   262.03245     -37288.358      1.7616005     -5.1857212    
    153750   270.01893     -37203.774      12.384515      2.4168243    
    154000   260.83884     -37299.898      3.9603376     -10.872307    
    154250   268.92962     -37208.633     -12.5532        3.2341625    
    154500   277.57714     -37183.297     -9.7428523      4.5526336    
    154750   265.3855      -37234.038      3.5912519      3.0517118    
    155000   265.44309     -37229.969     -7.9059992      0.22631372   
    155250   268.3188      -37198.865     -7.7777828     -0.29669324   
    155500   273.94386     -37164.433      4.0351546      8.455496     
    155750   265.55032     -37236.117      2.3283999      15.325974    
    156000   259.96956     -37236.412     -1.6216391     -1.4735688    
    156250   263.48546     -37149.411      0.21986523    -3.497618     
    156500   256.54502     -37256.821     -1.0039572     -5.3311784    
    156750   269.73677     -37224.482     -6.2543277      4.5632142    
    157000   252.29234     -37309.617     -2.4193003      10.532172    
    157250   261.28575     -37295.532     -1.7665864      5.015979     
    157500   262.87564     -37269.82      -8.3644662      1.3623847    
    157750   258.93333     -37329.629     -6.7234131      8.1322923    
    158000   271.09361     -37261.116     -8.3577129     -3.6420213    
    158250   262.94354     -37250.9        8.6173214     -12.232759    
    158500   255.58076     -37315.777      4.2164057     -5.8779348    
    158750   255.85327     -37279.588     -5.2235453      6.7769427    
    159000   251.40651     -37332.494      1.3672999      11.629195    
    159250   255.84508     -37250.724     -5.2882234      6.4994144    
    159500   258.80135     -37249.131     -8.2060629      21.641346    
    159750   272.82292     -37279.88      -18.854099      4.6111864    
    160000   263.94094     -37266.673      3.0229464     -6.4790547    
    160250   270.1886      -37247.321      13.685458     -4.0442245    
    160500   262.90036     -37244.659     -1.5274448     -3.6161822    
    160750   275.81243     -37242.071      7.8534817     -6.5401104    
    161000   266.4132      -37265.722     -16.33425       4.2601605    
    161250   258.55671     -37278.169     -1.1586139     -1.295963     
    161500   274.67387     -37207.325     -0.12543168     0.26594073   
    161750   263.49037     -37277.017      2.2453887     -2.4623212    
    162000   262.52612     -37241.152     -13.875253     -7.7173952    
    162250   268.59673     -37230.142      7.4679549     -1.9897183    
    162500   263.70958     -37281.199     -3.14144        6.9192719    
    162750   267.30983     -37235.277      0.56851205     5.1036747    
    163000   282.56539     -37187.568     -11.931724      9.0695056    
    163250   263.42356     -37277.858     -17.629771     -3.5707537    
    163500   280.14437     -37181.866     -3.7841116     -1.3115686    
    163750   259.94903     -37265.391      8.811318      -0.70946068   
    164000   256.61245     -37252.206      2.3827968      3.860896     
    164250   267.59408     -37187.26      -3.9009414      5.1964192    
    164500   272.98127     -37128.378      4.8162467      12.446865    
    164750   268.04972     -37208.4       -1.4494666     -8.3495883    
    165000   264.79895     -37225.018     -0.86351717    -5.8487919    
    165250   253.91122     -37325.047     -0.55291829    -10.211107    
    165500   265.76701     -37312.425     -17.841923      9.6315505    
    165750   261.36368     -37327.591     -11.447581     -3.995623     
    166000   262.15742     -37312.925      2.067174       0.62257341   
    166250   258.06342     -37318.015      22.775725      3.8465559    
    166500   267.74794     -37292.632     -6.9251259      18.566566    
    166750   274.14116     -37263.759     -18.54672       5.657417     
    167000   270.54978     -37205.005      2.3517958      10.190127    
    167250   268.74265     -37266.579     -21.051024      4.1316687    
    167500   262.51112     -37247.721     -2.0263442      1.369306     
    167750   268.63273     -37237.479      5.5906822      1.6150788    
    168000   260.73409     -37251.749     -9.4121179      4.7108807    
    168250   258.62381     -37306.161     -3.6604413      20.849638    
    168500   271.82804     -37230.371     -2.0899848      10.493161    
    168750   265.87892     -37301.46      -5.6175419      10.078179    
    169000   270.34124     -37271.794     -13.161717     -4.4553921    
    169250   267.07268     -37264.087     -21.676728      7.4981089    
    169500   266.77931     -37243.917     -13.174624      5.1360945    
    169750   265.85899     -37257.171      5.2186193      2.279895     
    170000   270.69895     -37214.847     -8.0750377      8.2188197    
    170250   266.35188     -37220.989     -2.2732665      12.567973    
    170500   255.45421     -37287.384     -1.3283409      7.0700206    
    170750   261.31657     -37310.595     -3.845882      -1.4956147    
    171000   267.61768     -37216.974     -11.518024     -1.6961407    
    171250   266.83385     -37229.972      0.68793086     0.36770848   
    171500   265.33273     -37277.612     -3.6435768      14.969016    
    171750   264.46703     -37201.749     -0.84962303     7.2655722    
    172000   259.76692     -37282.087     -4.0076499      7.1651782    
    172250   257.3259      -37286.495      0.50325275     11.127778    
    172500   252.42252     -37264.906     -1.6130766     -7.4141908    
    172750   263.95168     -37249.332     -1.8804175      7.4826086    
    173000   265.84844     -37249.383     -9.118912      -9.279824     
    173250   270.18726     -37279.984     -2.1497222      12.994025    
    173500   279.19997     -37221.892     -6.4197957     -7.9364082    
    173750   260.54774     -37266.771     -25.270984     -0.26813421   
    174000   256.70706     -37261.509     -10.260553     -9.452598     
    174250   263.72268     -37199.806     -6.9128714     -1.2387401    
    174500   259.15815     -37176.516      7.6760258     -6.5619282    
    174750   271.13714     -37202.238      4.4988907      9.5906434    
    175000   254.99941     -37283.074      7.7955372      9.620739     
    175250   246.21529     -37323.565      8.7855862      5.5331725    
    175500   266.02616     -37288.224      1.9530407      7.4345031    
    175750   269.84409     -37249.287     -10.533982      9.0341886    
    176000   264.27511     -37176.01      -6.3144599      2.1506728    
    176250   257.86019     -37253.523     -3.1156106      4.9239385    
    176500   269.34244     -37239.013      1.4114863      1.8603087    
    176750   270.15369     -37211.915     -2.2699526      0.48931394   
    177000   274.35822     -37188.856     -8.1486419     -4.6150191    
    177250   268.32614     -37192.627     -13.462008     -12.007902    
    177500   254.71623     -37260.258      14.956584     -13.047969    
    177750   266.19114     -37173.136     -0.10823886     5.1467434    
    178000   269.20931     -37156.014     -9.2495852      10.224663    
    178250   265.06867     -37229.428     -0.85327571     4.4859189    
    178500   268.8846      -37219.784     -19.373533      12.592638    
    178750   260.78695     -37295.591     -3.4029492      17.472327    
    179000   269.36079     -37216.064      2.9746737     -0.56737925   
    179250   266.18203     -37197.649      5.3337836      1.8899576    
    179500   273.35748     -37182.039     -10.362309      4.0906973    
    179750   267.19837     -37203.696      7.2266882     -5.2935619    
    180000   255.4784      -37294.416     -8.6402143     -5.1925972    
    180250   261.29974     -37247.625     -8.4500394     -16.283343    
    180500   259.92708     -37297.176     -2.820167       20.514593    
    180750   271.04726     -37233.69      -13.617955     -12.262707    
    181000   254.87155     -37298.312      2.1607415      3.4226947    
    181250   264.09537     -37263.47       14.521041      1.9746483    
    181500   272.60985     -37208.478     -4.3005051      5.4419288    
    181750   266.02183     -37300.29      -10.150176      7.8337012    
    182000   264.77451     -37225.619     -4.6995387      4.9632229    
    182250   261.94342     -37269.667     -0.83374836     7.9656932    
    182500   273.83836     -37258.252     -11.363148      12.253372    
    182750   266.41519     -37265.933      2.1922373      0.03306141   
    183000   260.72003     -37223.492     -11.410412      1.0207097    
    183250   256.54464     -37237.45      -1.7436851      3.2298879    
    183500   260.27632     -37266.052      0.39211166     7.1800385    
    183750   260.26064     -37286.357      3.4718762     -2.104175     
    184000   264.5819      -37214.346     -11.361555      4.8919209    
    184250   253.89797     -37251.012     -9.7955069      0.07319354   
    184500   270.23503     -37222.408      3.4426708      1.4857246    
    184750   262.5164      -37217.547      6.2660489      4.7796297    
    185000   257.17006     -37286.632      5.7816717      16.901558    
    185250   257.98542     -37340.312     -0.46862006    -0.10899018   
    185500   272.26331     -37265.626      9.2784096      9.0693133    
    185750   261.11425     -37366.731     -8.6065325     -0.28238379   
    186000   267.74875     -37323.001     -4.8821308      8.6950871    
    186250   262.17304     -37313.677     -0.67354816     8.195294     
    186500   267.74111     -37243.1       -0.4577203      7.977514     
    186750   261.82433     -37245.574      0.025174521   -4.2246366    
    187000   264.86566     -37260.539     -3.8141925     -6.0616238    
    187250   274.24841     -37210.959     -12.982032     -1.5902279    
    187500   265.34206     -37286.976     -1.3477969      8.0712357    
    187750   272.90592     -37271.296     -5.6952485      2.2583942    
    188000   271.11717     -37239.61      -11.120142     -2.3174849    
    188250   263.32973     -37296.675     -10.63676      -2.3544757    
    188500   260.28191     -37258.964     -6.6771646      0.47330715   
    188750   274.84959     -37209.526     -14.800802     -3.1299921    
    189000   259.0939      -37269.096     -7.7284356      6.0186774    
    189250   261.95408     -37243.218     -6.326909       17.990068    
    189500   259.09646     -37264.02       2.3189239      8.042942     
    189750   258.58349     -37228.418     -1.0954745      10.573571    
    190000   277.0986      -37221.307     -4.3291834      10.069616    
    190250   266.15305     -37183.559     -17.54021      -1.0910025    
    190500   267.6465      -37185.208     -5.5318642      0.66267075   
    190750   265.68277     -37246.34      -6.8146905      4.843609     
    191000   258.63441     -37222.202     -2.6799833     -10.093661    
    191250   270.33466     -37196.98      -0.68415579     7.2008499    
    191500   262.23709     -37219.554     -0.15801785    -14.971606    
    191750   257.78897     -37221.885     -4.5805984      6.2042553    
    192000   264.57612     -37223.875     -2.057844       3.7490482    
    192250   266.74618     -37206.027     -6.1112511      1.9745779    
    192500   261.49339     -37238.07      -4.7585632      16.956323    
    192750   263.15798     -37218.225     -19.162011     -3.3900525    
    193000   261.306       -37183.083      4.8477086      16.232107    
    193250   266.01211     -37191.376      1.1978614     -0.16053837   
    193500   263.28557     -37195.407      3.1704758      16.120037    
    193750   265.06584     -37223.611     -5.282499       9.4283149    
    194000   266.68176     -37201.05      -13.220522      9.6697318    
    194250   274.80544     -37136.654     -5.9181484      0.45160848   
    194500   264.60322     -37229.73      -8.2502801      1.1563723    
    194750   266.95176     -37186.101      12.042015     -2.3019342    
    195000   277.12534     -37109.216     -2.4586569     -0.33737924   
    195250   268.24924     -37195.355     -14.654001      5.1975001    
    195500   269.00397     -37158.735     -8.0172674     -7.0877277    
    195750   270.20398     -37133.588     -6.9083106     -6.2095739    
    196000   264.53069     -37141.016     -6.3754047      3.3139725    
    196250   255.54658     -37204.023      5.4286669      13.323423    
    196500   260.66306     -37253.932     -13.461972      6.4280834    
    196750   268.14685     -37154.485     -6.5826036      11.452125    
    197000   262.68811     -37214.557     -9.4229045      12.380353    
    197250   271.54706     -37198.891      1.9691644     -0.80964247   
    197500   266.51806     -37178.769     -1.5447424      5.391925     
    197750   271.84547     -37132.714     -15.233086      1.4833322    
    198000   267.59988     -37220.782     -3.5276283     -12.665639    
    198250   263.15054     -37254.003     -1.4637121     -4.8206219    
    198500   265.10217     -37235.984     -8.1947002     -0.12490525   
    198750   259.06272     -37235.274     -10.680347     -2.1677803    
    199000   255.70194     -37280.875      9.0533786      1.3992675    
    199250   255.51501     -37311.557     -18.620341      7.1181387    
    199500   265.20912     -37279.528     -12.44321      -1.8257981    
    199750   260.98766     -37253.919     -11.097001     -4.9660139    
    200000   250.68734     -37323.02       13.400378      11.12379     
Loop time of 4666.1 on 8 procs for 200000 steps with 1680 atoms

Performance: 3.703 ns/day, 6.481 hours/ns, 42.862 timesteps/s, 72.009 katom-step/s
830.2% CPU use with 1 MPI tasks x 8 OpenMP threads

MPI task timing breakdown:
Section |  min time  |  avg time  |  max time  |%varavg| %total
---------------------------------------------------------------
Pair    | 1973.7     | 1973.7     | 1973.7     |   0.0 | 42.30
Bond    | 4.6308     | 4.6308     | 4.6308     |   0.0 |  0.10
Kspace  | 2303       | 2303       | 2303       |   0.0 | 49.36
Neigh   | 113.38     | 113.38     | 113.38     |   0.0 |  2.43
Comm    | 27.331     | 27.331     | 27.331     |   0.0 |  0.59
Output  | 89.859     | 89.859     | 89.859     |   0.0 |  1.93
Modify  | 151.01     | 151.01     | 151.01     |   0.0 |  3.24
Other   |            | 3.235      |            |       |  0.07

Nlocal:           1680 ave        1680 max        1680 min
Histogram: 1 0 0 0 0 0 0 0 0 0
Nghost:           6804 ave        6804 max        6804 min
Histogram: 1 0 0 0 0 0 0 0 0 0
Neighs:         809201 ave      809201 max      809201 min
Histogram: 1 0 0 0 0 0 0 0 0 0

Total # of neighbors = 809201
Ave neighs/atom = 481.66726
Ave special neighs/atom = 1.45
Neighbor list builds = 7983
Dangerous builds = 0
